SF:lib/list_item.dart
DA:9,0
DA:10,0
DA:11,0
DA:14,0
DA:15,0
DA:16,0
DA:17,0
DA:18,0
DA:19,0
DA:23,0
DA:24,0
DA:25,0
DA:28,0
DA:29,0
DA:30,0
DA:36,0
DA:37,0
DA:39,0
DA:40,0
DA:44,0
DA:46,0
DA:49,0
DA:51,0
DA:57,0
DA:58,0
DA:59,0
DA:61,0
DA:64,0
DA:66,0
DA:69,0
DA:71,0
DA:75,0
DA:78,0
DA:80,0
DA:84,0
DA:87,1
DA:88,1
DA:89,1
DA:90,1
DA:91,1
DA:104,0
DA:105,0
DA:107,0
DA:108,0
DA:109,0
DA:110,0
DA:111,0
DA:112,0
DA:113,0
DA:117,0
DA:118,0
DA:119,0
DA:120,0
DA:121,0
DA:124,3
DA:125,1
DA:126,1
DA:127,1
LF:58
LH:9
end_of_record
SF:lib/state/file_bloc.dart
DA:9,2
DA:15,0
DA:16,0
DA:18,0
DA:19,0
DA:20,0
DA:24,0
DA:25,0
DA:26,0
DA:27,0
DA:30,0
DA:32,0
DA:34,0
DA:35,0
DA:39,0
DA:40,0
DA:41,0
DA:42,0
DA:43,0
DA:44,0
DA:47,0
DA:49,0
DA:50,0
DA:54,0
DA:55,0
DA:56,0
DA:57,0
DA:60,0
DA:63,0
DA:64,0
DA:69,0
DA:71,0
DA:72,0
DA:73,0
DA:74,0
DA:76,0
DA:77,0
DA:78,0
DA:79,0
DA:81,0
DA:82,0
DA:83,0
DA:84,0
DA:86,0
DA:87,0
DA:88,0
DA:89,0
DA:96,0
DA:97,0
DA:98,0
DA:99,0
DA:100,0
DA:103,0
DA:104,0
DA:105,0
DA:106,0
DA:107,0
DA:113,0
DA:115,0
DA:116,0
DA:123,0
DA:124,0
DA:125,0
DA:127,0
DA:128,0
DA:129,0
DA:131,0
DA:135,0
DA:136,0
DA:139,0
DA:140,0
LF:71
LH:1
end_of_record
SF:lib/state/settings_bloc.dart
DA:4,1
DA:6,2
DA:7,0
DA:8,0
DA:9,0
DA:13,2
DA:14,0
DA:15,0
DA:16,0
DA:20,2
DA:21,0
DA:22,0
DA:23,0
DA:27,2
DA:28,0
DA:29,0
DA:30,0
DA:34,2
DA:35,0
DA:36,0
DA:37,0
DA:40,1
DA:41,1
DA:43,3
DA:44,3
DA:45,3
DA:46,3
DA:47,3
DA:48,1
DA:49,1
DA:50,1
DA:51,1
DA:56,1
DA:58,1
DA:59,1
DA:60,1
DA:61,4
DA:62,4
DA:63,4
DA:64,4
DA:65,4
DA:66,4
DA:67,4
DA:68,4
DA:69,4
DA:70,4
DA:74,1
DA:75,1
DA:76,2
DA:77,4
DA:78,2
DA:79,2
DA:80,2
DA:81,1
DA:85,1
DA:86,1
DA:87,1
DA:88,1
DA:89,1
DA:90,1
DA:91,2
DA:94,2
DA:95,2
DA:96,2
DA:97,2
DA:98,1
DA:101,1
DA:103,3
DA:104,3
DA:105,3
DA:106,3
DA:107,3
LF:72
LH:57
end_of_record
